Flow report for adam_dire_lab7
Tue Mar 10 21:57:24 2020
Quartus Prime Version 18.0.0 Build 614 04/24/2018 SJ Lite Edition


---------------------
; Table of Contents ;
---------------------
  1. Legal Notice
  2. Flow Summary
  3. Flow Settings
  4. Flow Non-Default Global Settings
  5. Flow Elapsed Time
  6. Flow OS Summary
  7. Flow Log
  8. Flow Messages
  9. Flow Suppressed Messages



----------------
; Legal Notice ;
----------------
Copyright (C) 2018  Intel Corporation. All rights reserved.
Your use of Intel Corporation's design tools, logic functions 
and other software and tools, and its AMPP partner logic 
functions, and any output files from any of the foregoing 
(including device programming or simulation files), and any 
associated documentation or information are expressly subject 
to the terms and conditions of the Intel Program License 
Subscription Agreement, the Intel Quartus Prime License Agreement,
the Intel FPGA IP License Agreement, or other applicable license
agreement, including, without limitation, that your use is for
the sole purpose of programming logic devices manufactured by
Intel and sold by Intel or its authorized distributors.  Please
refer to the applicable agreement for further details.



+-------------------------------------------------------------------------------+
; Flow Summary                                                                  ;
+---------------------------------+---------------------------------------------+
; Flow Status                     ; Successful - Tue Mar 10 21:57:24 2020       ;
; Quartus Prime Version           ; 18.0.0 Build 614 04/24/2018 SJ Lite Edition ;
; Revision Name                   ; adam_dire_lab7                              ;
; Top-level Entity Name           ; adam_dire_comparator                        ;
; Family                          ; Cyclone V                                   ;
; Device                          ; 5CSEMA5F31C6                                ;
; Timing Models                   ; Final                                       ;
; Logic utilization (in ALMs)     ; 9 / 32,070 ( < 1 % )                        ;
; Total registers                 ; 0                                           ;
; Total pins                      ; 14 / 457 ( 3 % )                            ;
; Total virtual pins              ; 0                                           ;
; Total block memory bits         ; 0 / 4,065,280 ( 0 % )                       ;
; Total DSP Blocks                ; 0 / 87 ( 0 % )                              ;
; Total HSSI RX PCSs              ; 0                                           ;
; Total HSSI PMA RX Deserializers ; 0                                           ;
; Total HSSI TX PCSs              ; 0                                           ;
; Total HSSI PMA TX Serializers   ; 0                                           ;
; Total PLLs                      ; 0 / 6 ( 0 % )                               ;
; Total DLLs                      ; 0 / 4 ( 0 % )                               ;
+---------------------------------+---------------------------------------------+


+-----------------------------------------+
; Flow Settings                           ;
+-------------------+---------------------+
; Option            ; Setting             ;
+-------------------+---------------------+
; Start date & time ; 03/10/2020 21:56:31 ;
; Main task         ; Compilation         ;
; Revision Name     ; adam_dire_lab7      ;
+-------------------+---------------------+


+---------------------------------------------------------------------------------------------------------------------------------------+
; Flow Non-Default Global Settings                                                                                                      ;
+-------------------------------------+----------------------------------------+----------------+----------------------+----------------+
; Assignment Name                     ; Value                                  ; Default Value  ; Entity Name          ; Section Id     ;
+-------------------------------------+----------------------------------------+----------------+----------------------+----------------+
; COMPILER_SIGNATURE_ID               ; 61573275871739.158389179017588         ; --             ; --                   ; --             ;
; EDA_OUTPUT_DATA_FORMAT              ; Vhdl                                   ; --             ; --                   ; eda_simulation ;
; EDA_SIMULATION_TOOL                 ; ModelSim-Altera (VHDL)                 ; <None>         ; --                   ; --             ;
; EDA_TIME_SCALE                      ; 1 ps                                   ; --             ; --                   ; eda_simulation ;
; MAX_CORE_JUNCTION_TEMP              ; 85                                     ; --             ; --                   ; --             ;
; MIN_CORE_JUNCTION_TEMP              ; 0                                      ; --             ; --                   ; --             ;
; PARTITION_COLOR                     ; -- (Not supported for targeted family) ; --             ; adam_dire_comparator ; Top            ;
; PARTITION_FITTER_PRESERVATION_LEVEL ; -- (Not supported for targeted family) ; --             ; adam_dire_comparator ; Top            ;
; PARTITION_NETLIST_TYPE              ; -- (Not supported for targeted family) ; --             ; adam_dire_comparator ; Top            ;
; PROJECT_OUTPUT_DIRECTORY            ; output_files                           ; --             ; --                   ; --             ;
; TOP_LEVEL_ENTITY                    ; adam_dire_comparator                   ; adam_dire_lab7 ; --                   ; --             ;
+-------------------------------------+----------------------------------------+----------------+----------------------+----------------+


+--------------------------------------------------------------------------------------------------------------------------+
; Flow Elapsed Time                                                                                                        ;
+----------------------+--------------+-------------------------+---------------------+------------------------------------+
; Module Name          ; Elapsed Time ; Average Processors Used ; Peak Virtual Memory ; Total CPU Time (on all processors) ;
+----------------------+--------------+-------------------------+---------------------+------------------------------------+
; Analysis & Synthesis ; 00:00:11     ; 1.0                     ; 4861 MB             ; 00:00:22                           ;
; Fitter               ; 00:00:26     ; 1.0                     ; 6494 MB             ; 00:00:52                           ;
; Assembler            ; 00:00:06     ; 1.0                     ; 4832 MB             ; 00:00:06                           ;
; Timing Analyzer      ; 00:00:05     ; 1.0                     ; 5105 MB             ; 00:00:05                           ;
; EDA Netlist Writer   ; 00:00:01     ; 1.0                     ; 4735 MB             ; 00:00:02                           ;
; Total                ; 00:00:49     ; --                      ; --                  ; 00:01:27                           ;
+----------------------+--------------+-------------------------+---------------------+------------------------------------+


+------------------------------------------------------------------------------------+
; Flow OS Summary                                                                    ;
+----------------------+------------------+------------+------------+----------------+
; Module Name          ; Machine Hostname ; OS Name    ; OS Version ; Processor type ;
+----------------------+------------------+------------+------------+----------------+
; Analysis & Synthesis ; Adam-Spectre     ; Windows 10 ; 10.0       ; x86_64         ;
; Fitter               ; Adam-Spectre     ; Windows 10 ; 10.0       ; x86_64         ;
; Assembler            ; Adam-Spectre     ; Windows 10 ; 10.0       ; x86_64         ;
; Timing Analyzer      ; Adam-Spectre     ; Windows 10 ; 10.0       ; x86_64         ;
; EDA Netlist Writer   ; Adam-Spectre     ; Windows 10 ; 10.0       ; x86_64         ;
+----------------------+------------------+------------+------------+----------------+


------------
; Flow Log ;
------------
quartus_map --read_settings_files=on --write_settings_files=off adam_dire_lab7 -c adam_dire_lab7
quartus_fit --read_settings_files=off --write_settings_files=off adam_dire_lab7 -c adam_dire_lab7
quartus_asm --read_settings_files=off --write_settings_files=off adam_dire_lab7 -c adam_dire_lab7
quartus_sta adam_dire_lab7 -c adam_dire_lab7
quartus_eda --read_settings_files=off --write_settings_files=off adam_dire_lab7 -c adam_dire_lab7



